<?xml version="1.0" encoding="UTF-8"?>
<testsuite name="behavioral.observer.weather.WeatherForecastTestSuite" tests="1" skipped="0" failures="0" errors="0" timestamp="2020-08-27T11:58:45" hostname="F1IPER-F1IPER" time="0.001">
  <properties/>
  <testcase name="testOfTest" classname="behavioral.observer.weather.WeatherForecastTestSuite" time="0.001"/>
  <system-out><![CDATA[]]></system-out>
  <system-err><![CDATA[]]></system-err>
</testsuite>
