<?xml version="1.0" encoding="UTF-8"?>
<testsuite name="unittest.RangeTestSuite" tests="5" skipped="0" failures="0" errors="0" timestamp="2020-09-14T19:10:51" hostname="F1IPER-F1IPER" time="0.001">
  <properties/>
  <testcase name="shouldHaveProperErrorMessage" classname="unittest.RangeTestSuite" time="0.0"/>
  <testcase name="shouldSayThat5IsNotInRange" classname="unittest.RangeTestSuite" time="0.0"/>
  <testcase name="testLowerBoundHigherThenUpperBound" classname="unittest.RangeTestSuite" time="0.0"/>
  <testcase name="testIsRangeTrue" classname="unittest.RangeTestSuite" time="0.0"/>
  <testcase name="shouldSayThat15IsInRange" classname="unittest.RangeTestSuite" time="0.0"/>
  <system-out><![CDATA[]]></system-out>
  <system-err><![CDATA[]]></system-err>
</testsuite>
